This file contains any messages produced by compilers while
running configure, to aid debugging if configure makes a mistake.

It was created by configure, which was
generated by GNU Autoconf 2.69.  Invocation command line was

  $ ./configure 

## --------- ##
## Platform. ##
## --------- ##

hostname = linux
uname -m = x86_64
uname -r = 6.0.11-x64v2-xanmod1
uname -s = Linux
uname -v = #0~20221202.bfbe1c1 SMP PREEMPT_DYNAMIC Fri Dec 2 21:45:37 UTC 2

/usr/bin/uname -p = x86_64
/bin/uname -X     = unknown

/bin/arch              = x86_64
/usr/bin/arch -k       = unknown
/usr/convex/getsysinfo = unknown
/usr/bin/hostinfo      = unknown
/bin/machine           = unknown
/usr/bin/oslevel       = unknown
/bin/universe          = unknown

PATH: /usr/local/sbin
PATH: /usr/local/bin
PATH: /usr/sbin
PATH: /usr/bin
PATH: /sbin
PATH: /bin
PATH: /usr/games
PATH: /usr/local/games
PATH: /snap/bin
PATH: /snap/bin


## ----------- ##
## Core tests. ##
## ----------- ##

configure:2028: checking for gcc
configure:2044: found /usr/bin/gcc
configure:2055: result: gcc
configure:2284: checking for C compiler version
configure:2293: gcc --version >&5
gcc (Ubuntu 12.2.0-3ubuntu1) 12.2.0
Copyright (C) 2022 Free Software Foundation, Inc.
This is free software; see the source for copying conditions.  There is NO
warranty; not even for MERCHANTABILITY or FITNESS FOR A PARTICULAR PURPOSE.

configure:2304: $? = 0
configure:2293: gcc -v >&5
Using built-in specs.
COLLECT_GCC=gcc
COLLECT_LTO_WRAPPER=/usr/lib/gcc/x86_64-linux-gnu/12/lto-wrapper
OFFLOAD_TARGET_NAMES=nvptx-none:amdgcn-amdhsa
OFFLOAD_TARGET_DEFAULT=1
Target: x86_64-linux-gnu
Configured with: ../src/configure -v --with-pkgversion='Ubuntu 12.2.0-3ubuntu1' --with-bugurl=file:///usr/share/doc/gcc-12/README.Bugs --enable-languages=c,ada,c++,go,d,fortran,objc,obj-c++,m2 --prefix=/usr --with-gcc-major-version-only --program-suffix=-12 --program-prefix=x86_64-linux-gnu- --enable-shared --enable-linker-build-id --libexecdir=/usr/lib --without-included-gettext --enable-threads=posix --libdir=/usr/lib --enable-nls --enable-clocale=gnu --enable-libstdcxx-debug --enable-libstdcxx-time=yes --with-default-libstdcxx-abi=new --enable-gnu-unique-object --disable-vtable-verify --enable-plugin --enable-default-pie --with-system-zlib --enable-libphobos-checking=release --with-target-system-zlib=auto --enable-objc-gc=auto --enable-multiarch --disable-werror --enable-cet --with-arch-32=i686 --with-abi=m64 --with-multilib-list=m32,m64,mx32 --enable-multilib --with-tune=generic --enable-offload-targets=nvptx-none=/build/gcc-12-U8K4Qv/gcc-12-12.2.0/debian/tmp-nvptx/usr,amdgcn-amdhsa=/build/gcc-12-U8K4Qv/gcc-12-12.2.0/debian/tmp-gcn/usr --enable-offload-defaulted --without-cuda-driver --enable-checking=release --build=x86_64-linux-gnu --host=x86_64-linux-gnu --target=x86_64-linux-gnu
Thread model: posix
Supported LTO compression algorithms: zlib zstd
gcc version 12.2.0 (Ubuntu 12.2.0-3ubuntu1) 
... rest of stderr output deleted ...
configure:2304: $? = 0
configure:2293: gcc -V >&5
gcc: error: unrecognized command-line option '-V'
gcc: fatal error: no input files
compilation terminated.
configure:2304: $? = 1
configure:2293: gcc -qversion >&5
gcc: error: unrecognized command-line option '-qversion'; did you mean '--version'?
gcc: fatal error: no input files
compilation terminated.
configure:2304: $? = 1
configure:2324: checking whether the C compiler works
configure:2346: gcc    conftest.c  >&5
configure:2350: $? = 0
configure:2398: result: yes
configure:2401: checking for C compiler default output file name
configure:2403: result: a.out
configure:2409: checking for suffix of executables
configure:2416: gcc -o conftest    conftest.c  >&5
configure:2420: $? = 0
configure:2442: result: 
configure:2464: checking whether we are cross compiling
configure:2472: gcc -o conftest    conftest.c  >&5
configure:2476: $? = 0
configure:2483: ./conftest
configure:2487: $? = 0
configure:2502: result: no
configure:2507: checking for suffix of object files
configure:2529: gcc -c   conftest.c >&5
configure:2533: $? = 0
configure:2554: result: o
configure:2558: checking whether we are using the GNU C compiler
configure:2577: gcc -c   conftest.c >&5
configure:2577: $? = 0
configure:2586: result: yes
configure:2595: checking whether gcc accepts -g
configure:2615: gcc -c -g  conftest.c >&5
configure:2615: $? = 0
configure:2656: result: yes
configure:2673: checking for gcc option to accept ISO C89
configure:2736: gcc  -c -g -O2  conftest.c >&5
configure:2736: $? = 0
configure:2749: result: none needed
configure:2812: checking for a BSD-compatible install
configure:2880: result: /usr/bin/install -c
configure:2898: checking how to run the C preprocessor
configure:2929: gcc -E  conftest.c
configure:2929: $? = 0
configure:2943: gcc -E  conftest.c
conftest.c:9:10: fatal error: ac_nonexistent.h: No such file or directory
    9 | #include <ac_nonexistent.h>
      |          ^~~~~~~~~~~~~~~~~~
compilation terminated.
configure:2943: $? = 1
configure: failed program was:
| /* confdefs.h */
| #define PACKAGE_NAME ""
| #define PACKAGE_TARNAME ""
| #define PACKAGE_VERSION ""
| #define PACKAGE_STRING ""
| #define PACKAGE_BUGREPORT ""
| #define PACKAGE_URL ""
| /* end confdefs.h.  */
| #include <ac_nonexistent.h>
configure:2968: result: gcc -E
configure:2988: gcc -E  conftest.c
configure:2988: $? = 0
configure:3002: gcc -E  conftest.c
conftest.c:9:10: fatal error: ac_nonexistent.h: No such file or directory
    9 | #include <ac_nonexistent.h>
      |          ^~~~~~~~~~~~~~~~~~
compilation terminated.
configure:3002: $? = 1
configure: failed program was:
| /* confdefs.h */
| #define PACKAGE_NAME ""
| #define PACKAGE_TARNAME ""
| #define PACKAGE_VERSION ""
| #define PACKAGE_STRING ""
| #define PACKAGE_BUGREPORT ""
| #define PACKAGE_URL ""
| /* end confdefs.h.  */
| #include <ac_nonexistent.h>
configure:3031: checking for grep that handles long lines and -e
configure:3089: result: /usr/bin/grep
configure:3094: checking for egrep
configure:3156: result: /usr/bin/grep -E
configure:3161: checking for ANSI C header files
configure:3181: gcc -c -O3  conftest.c >&5
configure:3181: $? = 0
configure:3254: gcc -o conftest -O3   conftest.c  >&5
configure:3254: $? = 0
configure:3254: ./conftest
configure:3254: $? = 0
configure:3265: result: yes
configure:3278: checking for sys/types.h
configure:3278: gcc -c -O3  conftest.c >&5
configure:3278: $? = 0
configure:3278: result: yes
configure:3278: checking for sys/stat.h
configure:3278: gcc -c -O3  conftest.c >&5
configure:3278: $? = 0
configure:3278: result: yes
configure:3278: checking for stdlib.h
configure:3278: gcc -c -O3  conftest.c >&5
configure:3278: $? = 0
configure:3278: result: yes
configure:3278: checking for string.h
configure:3278: gcc -c -O3  conftest.c >&5
configure:3278: $? = 0
configure:3278: result: yes
configure:3278: checking for memory.h
configure:3278: gcc -c -O3  conftest.c >&5
configure:3278: $? = 0
configure:3278: result: yes
configure:3278: checking for strings.h
configure:3278: gcc -c -O3  conftest.c >&5
configure:3278: $? = 0
configure:3278: result: yes
configure:3278: checking for inttypes.h
configure:3278: gcc -c -O3  conftest.c >&5
configure:3278: $? = 0
configure:3278: result: yes
configure:3278: checking for stdint.h
configure:3278: gcc -c -O3  conftest.c >&5
configure:3278: $? = 0
configure:3278: result: yes
configure:3278: checking for unistd.h
configure:3278: gcc -c -O3  conftest.c >&5
configure:3278: $? = 0
configure:3278: result: yes
configure:3292: checking wmmintrin.h usability
configure:3292: gcc -c -O3  conftest.c >&5
configure:3292: $? = 0
configure:3292: result: yes
configure:3292: checking wmmintrin.h presence
configure:3292: gcc -E  conftest.c
configure:3292: $? = 0
configure:3292: result: yes
configure:3292: checking for wmmintrin.h
configure:3292: result: yes
configure:3450: creating ./config.status

## ---------------------- ##
## Running config.status. ##
## ---------------------- ##

This file was extended by config.status, which was
generated by GNU Autoconf 2.69.  Invocation command line was

  CONFIG_FILES    = 
  CONFIG_HEADERS  = 
  CONFIG_LINKS    = 
  CONFIG_COMMANDS = 
  $ ./config.status 

on linux

config.status:728: creating Makefile

## ---------------- ##
## Cache variables. ##
## ---------------- ##

ac_cv_c_compiler_gnu=yes
ac_cv_env_CC_set=
ac_cv_env_CC_value=
ac_cv_env_CFLAGS_set=
ac_cv_env_CFLAGS_value=
ac_cv_env_CPPFLAGS_set=
ac_cv_env_CPPFLAGS_value=
ac_cv_env_CPP_set=
ac_cv_env_CPP_value=
ac_cv_env_LDFLAGS_set=
ac_cv_env_LDFLAGS_value=
ac_cv_env_LIBS_set=
ac_cv_env_LIBS_value=
ac_cv_env_build_alias_set=
ac_cv_env_build_alias_value=
ac_cv_env_host_alias_set=
ac_cv_env_host_alias_value=
ac_cv_env_target_alias_set=
ac_cv_env_target_alias_value=
ac_cv_header_inttypes_h=yes
ac_cv_header_memory_h=yes
ac_cv_header_stdc=yes
ac_cv_header_stdint_h=yes
ac_cv_header_stdlib_h=yes
ac_cv_header_string_h=yes
ac_cv_header_strings_h=yes
ac_cv_header_sys_stat_h=yes
ac_cv_header_sys_types_h=yes
ac_cv_header_unistd_h=yes
ac_cv_header_wmmintrin_h=yes
ac_cv_objext=o
ac_cv_path_EGREP='/usr/bin/grep -E'
ac_cv_path_GREP=/usr/bin/grep
ac_cv_path_install='/usr/bin/install -c'
ac_cv_prog_CPP='gcc -E'
ac_cv_prog_ac_ct_CC=gcc
ac_cv_prog_cc_c89=
ac_cv_prog_cc_g=yes

## ----------------- ##
## Output variables. ##
## ----------------- ##

CC='gcc'
CFLAGS='-O3 -maes -msse -msse2'
CPP='gcc -E'
CPPFLAGS='-DFASTAES'
DEFS='-DPACKAGE_NAME=\"\" -DPACKAGE_TARNAME=\"\" -DPACKAGE_VERSION=\"\" -DPACKAGE_STRING=\"\" -DPACKAGE_BUGREPORT=\"\" -DPACKAGE_URL=\"\" -DSTDC_HEADERS=1 -DHAVE_SYS_TYPES_H=1 -DHAVE_SYS_STAT_H=1 -DHAVE_STDLIB_H=1 -DHAVE_STRING_H=1 -DHAVE_MEMORY_H=1 -DHAVE_STRINGS_H=1 -DHAVE_INTTYPES_H=1 -DHAVE_STDINT_H=1 -DHAVE_UNISTD_H=1 -DHAVE_WMMINTRIN_H=1'
ECHO_C=''
ECHO_N='-n'
ECHO_T=''
EGREP='/usr/bin/grep -E'
EXEEXT=''
GREP='/usr/bin/grep'
INSTALL_DATA='${INSTALL} -m 644'
INSTALL_PROGRAM='${INSTALL}'
INSTALL_SCRIPT='${INSTALL}'
LDFLAGS=''
LIBOBJS=''
LIBS=''
LTLIBOBJS=''
OBJEXT='o'
PACKAGE_BUGREPORT=''
PACKAGE_NAME=''
PACKAGE_STRING=''
PACKAGE_TARNAME=''
PACKAGE_URL=''
PACKAGE_VERSION=''
PATH_SEPARATOR=':'
SHELL='/bin/bash'
ac_ct_CC='gcc'
bindir='${exec_prefix}/bin'
build_alias=''
datadir='${datarootdir}'
datarootdir='${prefix}/share'
docdir='${datarootdir}/doc/${PACKAGE}'
dvidir='${docdir}'
exec_prefix='${prefix}'
host_alias=''
htmldir='${docdir}'
includedir='${prefix}/include'
infodir='${datarootdir}/info'
libdir='${exec_prefix}/lib'
libexecdir='${exec_prefix}/libexec'
localedir='${datarootdir}/locale'
localstatedir='${prefix}/var'
mandir='${datarootdir}/man'
oldincludedir='/usr/include'
pdfdir='${docdir}'
prefix='/usr/local'
program_transform_name='s,x,x,'
psdir='${docdir}'
runstatedir='${localstatedir}/run'
sbindir='${exec_prefix}/sbin'
sharedstatedir='${prefix}/com'
sysconfdir='${prefix}/etc'
target_alias=''

## ----------- ##
## confdefs.h. ##
## ----------- ##

/* confdefs.h */
#define PACKAGE_NAME ""
#define PACKAGE_TARNAME ""
#define PACKAGE_VERSION ""
#define PACKAGE_STRING ""
#define PACKAGE_BUGREPORT ""
#define PACKAGE_URL ""
#define STDC_HEADERS 1
#define HAVE_SYS_TYPES_H 1
#define HAVE_SYS_STAT_H 1
#define HAVE_STDLIB_H 1
#define HAVE_STRING_H 1
#define HAVE_MEMORY_H 1
#define HAVE_STRINGS_H 1
#define HAVE_INTTYPES_H 1
#define HAVE_STDINT_H 1
#define HAVE_UNISTD_H 1
#define HAVE_WMMINTRIN_H 1

configure: exit 0
